app/build/outputs/logs/manifest-merger-debug-report.txt
-- Merging decision tree log ---
manifest
ADDED from src/main/AndroidManifest.xml:2:1-218:12
INJECTED from src/main/AndroidManifest.xml:2:1-218:12
INJECTED from src/main/AndroidManifest.xml:2:1-218:12
INJECTED from src/main/AndroidManifest.xml:2:1-218:12
MERGED from [com.google.firebase:firebase-core:10.0.1] AndroidManifest.xml:2:1-6:12
MERGED from [com.crashlytics.sdk.android:crashlytics:2.6.8] AndroidManifest.xml:2:1-13:12
MERGED from [com.google.firebase:firebase-analytics:10.0.1] AndroidManifest.xml:16:1-34:12
MERGED from [com.google.firebase:firebase-analytics-impl:10.0.1] AndroidManifest.xml:16:1-29:12
MERGED from [com.google.firebase:firebase-iid:10.0.1] AndroidManifest.xml:16:1-51:12
MERGED from [com.google.firebase:firebase-common:10.0.1] AndroidManifest.xml:2:1-8:12
MERGED from [com.google.android.gms:play-services-tasks:10.0.1] AndroidManifest.xml:2:1-5:12
MERGED from [com.google.android.gms:play-services-basement:10.0.1] AndroidManifest.xml:16:1-23:12
MERGED from [com.android.support:support-v4:28.0.0] AndroidManifest.xml:17:1-22:12
MERGED from [net.danlew:android.joda:2.9.9] AndroidManifest.xml:2:1-8:12
MERGED from [com.android.support:design:28.0.0] AndroidManifest.xml:17:1-24:12
MERGED from [com.google.android:flexbox:0.2.5] AndroidManifest.xml:17:1-27:12
MERGED from [com.android.support.constraint:constraint-layout:2.0.0-beta1] AndroidManifest.xml:2:1-11:12
MERGED from [com.stripe:stripe-android:4.1.5] AndroidManifest.xml:2:1-11:12
MERGED from [com.android.support:appcompat-v7:28.0.0] AndroidManifest.xml:17:1-22:12
MERGED from [com.android.support:animated-vector-drawable:28.0.0] AndroidManifest.xml:17:1-22:12
MERGED from [com.android.support:support-vector-drawable:28.0.0] AndroidManifest.xml:17:1-22:12
MERGED from [com.android.support:cardview-v7:28.0.0] AndroidManifest.xml:17:1-22:12
MERGED from [com.android.support:gridlayout-v7:28.0.0] AndroidManifest.xml:17:1-22:12
MERGED from [com.android.volley:volley:1.1.0] AndroidManifest.xml:2:1-11:12
MERGED from [com.kbeanie:multipicker:1.1.31] AndroidManifest.xml:2:1-23:12
MERGED from [de.hdodenhof:circleimageview:2.2.0] AndroidManifest.xml:2:1-11:12
MERGED from [com.jakewharton:butterknife:8.8.1] AndroidManifest.xml:2:1-7:12
MERGED from [com.squareup.picasso:picasso:2.71828] AndroidManifest.xml:2:1-14:12
MERGED from [com.crashlytics.sdk.android:beta:1.2.5] AndroidManifest.xml:2:1-13:12
MERGED from [com.crashlytics.sdk.android:crashlytics-core:2.3.17] AndroidManifest.xml:45:1-56:12
MERGED from [com.crashlytics.sdk.android:answers:1.3.13] AndroidManifest.xml:2:1-13:12
MERGED from [io.fabric.sdk.android:fabric:1.3.17] AndroidManifest.xml:22:1-33:12
MERGED from [com.android.support:support-media-compat:28.0.0] AndroidManifest.xml:17:1-22:12
MERGED from [com.android.support:support-fragment:28.0.0] AndroidManifest.xml:17:1-22:12
MERGED from [com.android.support:recyclerview-v7:28.0.0] AndroidManifest.xml:17:1-22:12
MERGED from [com.android.support:support-core-ui:28.0.0] AndroidManifest.xml:17:1-22:12
MERGED from [com.android.support:support-core-utils:28.0.0] AndroidManifest.xml:17:1-22:12
MERGED from [com.android.support:transition:28.0.0] AndroidManifest.xml:17:1-22:12
MERGED from [com.android.support:loader:28.0.0] AndroidManifest.xml:17:1-22:12
MERGED from [com.android.support:viewpager:28.0.0] AndroidManifest.xml:17:1-22:12
MERGED from [com.android.support:coordinatorlayout:28.0.0] AndroidManifest.xml:17:1-22:12
MERGED from [com.android.support:drawerlayout:28.0.0] AndroidManifest.xml:17:1-22:12
MERGED from [com.android.support:slidingpanelayout:28.0.0] AndroidManifest.xml:17:1-22:12
MERGED from [com.android.support:customview:28.0.0] AndroidManifest.xml:17:1-22:12
MERGED from [com.android.support:swiperefreshlayout:28.0.0] AndroidManifest.xml:17:1-22:12
MERGED from [com.android.support:asynclayoutinflater:28.0.0] AndroidManifest.xml:17:1-22:12
MERGED from [com.android.support:support-compat:28.0.0] AndroidManifest.xml:17:1-24:12
MERGED from [com.android.support:versionedparcelable:28.0.0] AndroidManifest.xml:17:1-25:12
MERGED from [com.android.support:cursoradapter:28.0.0] AndroidManifest.xml:17:1-22:12
MERGED from [com.android.support:exifinterface:27.1.0] AndroidManifest.xml:17:1-22:12
MERGED from [android.arch.lifecycle:runtime:1.1.1] AndroidManifest.xml:17:1-22:12
MERGED from [com.android.support:documentfile:28.0.0] AndroidManifest.xml:17:1-22:12
MERGED from [com.android.support:localbroadcastmanager:28.0.0] AndroidManifest.xml:17:1-22:12
MERGED from [com.android.support:print:28.0.0] AndroidManifest.xml:17:1-22:12
MERGED from [com.android.support:interpolator:28.0.0] AndroidManifest.xml:17:1-22:12
MERGED from [android.arch.lifecycle:viewmodel:1.1.1] AndroidManifest.xml:17:1-22:12
MERGED from [android.arch.lifecycle:livedata:1.1.1] AndroidManifest.xml:17:1-22:12
MERGED from [android.arch.lifecycle:livedata-core:1.1.1] AndroidManifest.xml:17:1-22:12
MERGED from [android.arch.core:runtime:1.1.1] AndroidManifest.xml:17:1-22:12
INJECTED from src/main/AndroidManifest.xml:2:1-218:12
INJECTED from src/main/AndroidManifest.xml:2:1-218:12
INJECTED from src/main/AndroidManifest.xml:2:1-218:12
	package
		ADDED from src/main/AndroidManifest.xml:3:5-34
		INJECTED from src/main/AndroidManifest.xml
		INJECTED from src/main/AndroidManifest.xml
	android:versionName
		INJECTED from src/main/AndroidManifest.xml
		ADDED from src/main/AndroidManifest.xml:2:1-218:12
		INJECTED from src/main/AndroidManifest.xml
	android:versionCode
		INJECTED from src/main/AndroidManifest.xml
		ADDED from src/main/AndroidManifest.xml:2:1-218:12
		INJECTED from src/main/AndroidManifest.xml
	xmlns:android
		ADDED from src/main/AndroidManifest.xml:2:11-69
supports-screens
ADDED from src/main/AndroidManifest.xml:6:5-12:40
	android:largeScreens
		ADDED from src/main/AndroidManifest.xml:8:9-36
	android:smallScreens
		ADDED from src/main/AndroidManifest.xml:11:9-36
	android:normalScreens
		ADDED from src/main/AndroidManifest.xml:9:9-37
	android:xlargeScreens
		ADDED from src/main/AndroidManifest.xml:12:9-37
	android:resizeable
		ADDED from src/main/AndroidManifest.xml:10:9-34
	android:anyDensity
		ADDED from src/main/AndroidManifest.xml:7:9-34
uses-permission#android.permission.ACCESS_FINE_LOCATION
ADDED from src/main/AndroidManifest.xml:14:5-79
	android:name
		ADDED from src/main/AndroidManifest.xml:14:22-76
uses-permission#android.permission.ACCESS_COARSE_LOCATION
ADDED from src/main/AndroidManifest.xml:15:5-81
	android:name
		ADDED from src/main/AndroidManifest.xml:15:22-78
uses-permission#android.permission.INTERNET
ADDED from src/main/AndroidManifest.xml:16:5-67
MERGED from [com.crashlytics.sdk.android:crashlytics:2.6.8] AndroidManifest.xml:9:5-67
MERGED from [com.crashlytics.sdk.android:crashlytics:2.6.8] AndroidManifest.xml:9:5-67
MERGED from [com.google.firebase:firebase-analytics:10.0.1] AndroidManifest.xml:20:5-66
MERGED from [com.google.firebase:firebase-analytics:10.0.1] AndroidManifest.xml:20:5-66
MERGED from [com.google.firebase:firebase-analytics-impl:10.0.1] AndroidManifest.xml:20:5-66
MERGED from [com.google.firebase:firebase-analytics-impl:10.0.1] AndroidManifest.xml:20:5-66
MERGED from [com.google.firebase:firebase-iid:10.0.1] AndroidManifest.xml:20:5-66
MERGED from [com.google.firebase:firebase-iid:10.0.1] AndroidManifest.xml:20:5-66
MERGED from [com.crashlytics.sdk.android:beta:1.2.5] AndroidManifest.xml:9:5-67
MERGED from [com.crashlytics.sdk.android:beta:1.2.5] AndroidManifest.xml:9:5-67
MERGED from [com.crashlytics.sdk.android:crashlytics-core:2.3.17] AndroidManifest.xml:52:5-67
MERGED from [com.crashlytics.sdk.android:crashlytics-core:2.3.17] AndroidManifest.xml:52:5-67
MERGED from [com.crashlytics.sdk.android:answers:1.3.13] AndroidManifest.xml:9:5-67
MERGED from [com.crashlytics.sdk.android:answers:1.3.13] AndroidManifest.xml:9:5-67
MERGED from [io.fabric.sdk.android:fabric:1.3.17] AndroidManifest.xml:29:5-67
MERGED from [io.fabric.sdk.android:fabric:1.3.17] AndroidManifest.xml:29:5-67
	android:name
		ADDED from src/main/AndroidManifest.xml:16:22-64
uses-permission#android.permission.ACCESS_NETWORK_STATE
ADDED from src/main/AndroidManifest.xml:17:5-79
MERGED from [com.google.firebase:firebase-analytics:10.0.1] AndroidManifest.xml:21:5-78
MERGED from [com.google.firebase:firebase-analytics:10.0.1] AndroidManifest.xml:21:5-78
MERGED from [com.google.firebase:firebase-analytics-impl:10.0.1] AndroidManifest.xml:21:5-78
MERGED from [com.google.firebase:firebase-analytics-impl:10.0.1] AndroidManifest.xml:21:5-78
MERGED from [com.google.firebase:firebase-iid:10.0.1] AndroidManifest.xml:19:5-78
MERGED from [com.google.firebase:firebase-iid:10.0.1] AndroidManifest.xml:19:5-78
	android:name
		ADDED from src/main/AndroidManifest.xml:17:22-76
uses-permission#android.permission.ACCESS_WIFI_STATE
ADDED from src/main/AndroidManifest.xml:18:5-76
	android:name
		ADDED from src/main/AndroidManifest.xml:18:22-73
uses-permission#android.permission.MEDIA_CONTENT_CONTROL
ADDED from src/main/AndroidManifest.xml:19:5-80
	android:name
		ADDED from src/main/AndroidManifest.xml:19:22-77
uses-permission#android.permission.READ_EXTERNAL_STORAGE
ADDED from src/main/AndroidManifest.xml:20:5-80
	android:name
		ADDED from src/main/AndroidManifest.xml:20:22-77
uses-permission#android.permission.WRITE_EXTERNAL_STORAGE
ADDED from src/main/AndroidManifest.xml:21:5-81
	android:name
		ADDED from src/main/AndroidManifest.xml:21:22-78
uses-permission#android.permission.WRITE_USER_DICTIONARY
ADDED from src/main/AndroidManifest.xml:22:5-80
	android:name
		ADDED from src/main/AndroidManifest.xml:22:22-77
application
ADDED from src/main/AndroidManifest.xml:25:5-216:19
MERGED from [com.google.firebase:firebase-core:10.0.1] AndroidManifest.xml:5:5-20
MERGED from [com.google.firebase:firebase-core:10.0.1] AndroidManifest.xml:5:5-20
MERGED from [com.crashlytics.sdk.android:crashlytics:2.6.8] AndroidManifest.xml:11:5-20
MERGED from [com.crashlytics.sdk.android:crashlytics:2.6.8] AndroidManifest.xml:11:5-20
MERGED from [com.google.firebase:firebase-analytics:10.0.1] AndroidManifest.xml:24:5-33:19
MERGED from [com.google.firebase:firebase-analytics:10.0.1] AndroidManifest.xml:24:5-33:19
MERGED from [com.google.firebase:firebase-analytics-impl:10.0.1] AndroidManifest.xml:24:5-28:19
MERGED from [com.google.firebase:firebase-analytics-impl:10.0.1] AndroidManifest.xml:24:5-28:19
MERGED from [com.google.firebase:firebase-iid:10.0.1] AndroidManifest.xml:28:5-50:19
MERGED from [com.google.firebase:firebase-iid:10.0.1] AndroidManifest.xml:28:5-50:19
MERGED from [com.google.firebase:firebase-common:10.0.1] AndroidManifest.xml:4:5-7:19
MERGED from [com.google.firebase:firebase-common:10.0.1] AndroidManifest.xml:4:5-7:19
MERGED from [com.google.android.gms:play-services-tasks:10.0.1] AndroidManifest.xml:4:5-19
MERGED from [com.google.android.gms:play-services-tasks:10.0.1] AndroidManifest.xml:4:5-19
MERGED from [com.google.android.gms:play-services-basement:10.0.1] AndroidManifest.xml:19:5-21:19
MERGED from [com.google.android.gms:play-services-basement:10.0.1] AndroidManifest.xml:19:5-21:19
MERGED from [com.android.support:design:28.0.0] AndroidManifest.xml:22:5-20
MERGED from [com.android.support:design:28.0.0] AndroidManifest.xml:22:5-20
MERGED from [com.android.support.constraint:constraint-layout:2.0.0-beta1] AndroidManifest.xml:9:5-20
MERGED from [com.android.support.constraint:constraint-layout:2.0.0-beta1] AndroidManifest.xml:9:5-20
MERGED from [com.android.volley:volley:1.1.0] AndroidManifest.xml:9:5-20
MERGED from [com.android.volley:volley:1.1.0] AndroidManifest.xml:9:5-20
MERGED from [com.kbeanie:multipicker:1.1.31] AndroidManifest.xml:11:5-21:19
MERGED from [com.kbeanie:multipicker:1.1.31] AndroidManifest.xml:11:5-21:19
MERGED from [de.hdodenhof:circleimageview:2.2.0] AndroidManifest.xml:9:5-20
MERGED from [de.hdodenhof:circleimageview:2.2.0] AndroidManifest.xml:9:5-20
MERGED from [com.squareup.picasso:picasso:2.71828] AndroidManifest.xml:7:5-12:19
MERGED from [com.squareup.picasso:picasso:2.71828] AndroidManifest.xml:7:5-12:19
MERGED from [com.crashlytics.sdk.android:beta:1.2.5] AndroidManifest.xml:11:5-20
MERGED from [com.crashlytics.sdk.android:beta:1.2.5] AndroidManifest.xml:11:5-20
MERGED from [com.crashlytics.sdk.android:crashlytics-core:2.3.17] AndroidManifest.xml:54:5-20
MERGED from [com.crashlytics.sdk.android:crashlytics-core:2.3.17] AndroidManifest.xml:54:5-20
MERGED from [com.crashlytics.sdk.android:answers:1.3.13] AndroidManifest.xml:11:5-20
MERGED from [com.crashlytics.sdk.android:answers:1.3.13] AndroidManifest.xml:11:5-20
MERGED from [io.fabric.sdk.android:fabric:1.3.17] AndroidManifest.xml:31:5-20
MERGED from [io.fabric.sdk.android:fabric:1.3.17] AndroidManifest.xml:31:5-20
MERGED from [com.android.support:support-compat:28.0.0] AndroidManifest.xml:22:5-94
MERGED from [com.android.support:support-compat:28.0.0] AndroidManifest.xml:22:5-94
MERGED from [com.android.support:versionedparcelable:28.0.0] AndroidManifest.xml:22:5-23:19
MERGED from [com.android.support:versionedparcelable:28.0.0] AndroidManifest.xml:22:5-23:19
	android:appComponentFactory
		ADDED from [com.android.support:support-compat:28.0.0] AndroidManifest.xml:22:18-91
	android:supportsRtl
		ADDED from src/main/AndroidManifest.xml:32:9-35
	android:label
		ADDED from src/main/AndroidManifest.xml:29:9-41
	android:hardwareAccelerated
		ADDED from src/main/AndroidManifest.xml:27:9-43
	android:roundIcon
		ADDED from src/main/AndroidManifest.xml:31:9-54
	android:largeHeap
		ADDED from src/main/AndroidManifest.xml:30:9-33
	android:icon
		ADDED from src/main/AndroidManifest.xml:28:9-43
	android:allowBackup
		ADDED from src/main/AndroidManifest.xml:26:9-35
	android:theme
		ADDED from src/main/AndroidManifest.xml:33:9-40
activity#com.chicsol.alfalah.activities.ActivityLogin
ADDED from src/main/AndroidManifest.xml:34:9-43:20
	android:screenOrientation
		ADDED from src/main/AndroidManifest.xml:36:13-49
	android:theme
		ADDED from src/main/AndroidManifest.xml:37:13-51
	android:name
		ADDED from src/main/AndroidManifest.xml:35:13-53
intent-filter#action:name:android.intent.action.MAIN+category:name:android.intent.category.LAUNCHER
ADDED from src/main/AndroidManifest.xml:38:13-42:29
action#android.intent.action.MAIN
ADDED from src/main/AndroidManifest.xml:39:17-69
	android:name
		ADDED from src/main/AndroidManifest.xml:39:25-66
category#android.intent.category.LAUNCHER
ADDED from src/main/AndroidManifest.xml:41:17-77
	android:name
		ADDED from src/main/AndroidManifest.xml:41:27-74
activity#com.chicsol.alfalah.activities.registration.RegisterGeographicActivity
ADDED from src/main/AndroidManifest.xml:56:9-60:59
	android:screenOrientation
		ADDED from src/main/AndroidManifest.xml:59:13-49
	android:label
		ADDED from src/main/AndroidManifest.xml:58:13-39
	android:theme
		ADDED from src/main/AndroidManifest.xml:60:13-56
	android:name
		ADDED from src/main/AndroidManifest.xml:57:13-79
activity#com.chicsol.alfalah.activities.registration.RegistrationActivity
ADDED from src/main/AndroidManifest.xml:61:9-65:47
	android:screenOrientation
		ADDED from src/main/AndroidManifest.xml:64:13-49
	android:label
		ADDED from src/main/AndroidManifest.xml:63:13-41
	android:theme
		ADDED from src/main/AndroidManifest.xml:65:13-44
	android:name
		ADDED from src/main/AndroidManifest.xml:62:13-73
activity#com.chicsol.alfalah.activities.registration.RegisterAppearanceActivity
ADDED from src/main/AndroidManifest.xml:66:9-70:59
	android:screenOrientation
		ADDED from src/main/AndroidManifest.xml:69:13-49
	android:label
		ADDED from src/main/AndroidManifest.xml:68:13-39
	android:theme
		ADDED from src/main/AndroidManifest.xml:70:13-56
	android:name
		ADDED from src/main/AndroidManifest.xml:67:13-79
activity#com.chicsol.alfalah.activities.registration.RegisterLifeStyleActivity1
ADDED from src/main/AndroidManifest.xml:71:9-75:59
	android:screenOrientation
		ADDED from src/main/AndroidManifest.xml:74:13-49
	android:label
		ADDED from src/main/AndroidManifest.xml:73:13-38
	android:theme
		ADDED from src/main/AndroidManifest.xml:75:13-56
	android:name
		ADDED from src/main/AndroidManifest.xml:72:13-79
activity#com.chicsol.alfalah.activities.registration.RegisterLifeStyleActivity2
ADDED from src/main/AndroidManifest.xml:76:9-80:59
	android:screenOrientation
		ADDED from src/main/AndroidManifest.xml:79:13-49
	android:label
		ADDED from src/main/AndroidManifest.xml:78:13-38
	android:theme
		ADDED from src/main/AndroidManifest.xml:80:13-56
	android:name
		ADDED from src/main/AndroidManifest.xml:77:13-79
activity#com.chicsol.alfalah.activities.registration.RegisterLifeStyleActivity3
ADDED from src/main/AndroidManifest.xml:81:9-85:59
	android:screenOrientation
		ADDED from src/main/AndroidManifest.xml:84:13-49
	android:label
		ADDED from src/main/AndroidManifest.xml:83:13-38
	android:theme
		ADDED from src/main/AndroidManifest.xml:85:13-56
	android:name
		ADDED from src/main/AndroidManifest.xml:82:13-79
activity#com.chicsol.alfalah.activities.registration.RegisterInterest
ADDED from src/main/AndroidManifest.xml:86:9-90:59
	android:screenOrientation
		ADDED from src/main/AndroidManifest.xml:89:13-49
	android:label
		ADDED from src/main/AndroidManifest.xml:88:13-37
	android:theme
		ADDED from src/main/AndroidManifest.xml:90:13-56
	android:name
		ADDED from src/main/AndroidManifest.xml:87:13-69
activity#com.chicsol.alfalah.activities.registration.RegisterPersonalityActivity
ADDED from src/main/AndroidManifest.xml:91:9-95:59
	android:screenOrientation
		ADDED from src/main/AndroidManifest.xml:94:13-49
	android:label
		ADDED from src/main/AndroidManifest.xml:93:13-40
	android:theme
		ADDED from src/main/AndroidManifest.xml:95:13-56
	android:name
		ADDED from src/main/AndroidManifest.xml:92:13-80
activity#com.chicsol.alfalah.activities.searchyourbestmatch.SearchYourBestMatchActivity
ADDED from src/main/AndroidManifest.xml:96:9-100:47
	android:screenOrientation
		ADDED from src/main/AndroidManifest.xml:99:13-49
	android:label
		ADDED from src/main/AndroidManifest.xml:98:13-51
	android:theme
		ADDED from src/main/AndroidManifest.xml:100:13-44
	android:name
		ADDED from src/main/AndroidManifest.xml:97:13-87
activity#com.chicsol.alfalah.activities.DashboarMainActivity
ADDED from src/main/AndroidManifest.xml:101:9-105:59
	android:screenOrientation
		ADDED from src/main/AndroidManifest.xml:104:13-49
	android:label
		ADDED from src/main/AndroidManifest.xml:103:13-38
	android:theme
		ADDED from src/main/AndroidManifest.xml:105:13-56
	android:name
		ADDED from src/main/AndroidManifest.xml:102:13-60
activity#com.chicsol.alfalah.activities.DashboarMainActivityWithBottomNav
ADDED from src/main/AndroidManifest.xml:106:9-110:59
	android:screenOrientation
		ADDED from src/main/AndroidManifest.xml:109:13-49
	android:label
		ADDED from src/main/AndroidManifest.xml:108:13-38
	android:theme
		ADDED from src/main/AndroidManifest.xml:110:13-56
	android:name
		ADDED from src/main/AndroidManifest.xml:107:13-73
activity#com.chicsol.alfalah.activities.UserProfileActivity
ADDED from src/main/AndroidManifest.xml:111:9-114:47
	android:screenOrientation
		ADDED from src/main/AndroidManifest.xml:113:13-49
	android:theme
		ADDED from src/main/AndroidManifest.xml:114:13-44
	android:name
		ADDED from src/main/AndroidManifest.xml:112:13-59
activity#com.chicsol.alfalah.activities.UserProfileActivityWithSlider
ADDED from src/main/AndroidManifest.xml:115:9-118:59
	android:screenOrientation
		ADDED from src/main/AndroidManifest.xml:117:13-49
	android:theme
		ADDED from src/main/AndroidManifest.xml:118:13-56
	android:name
		ADDED from src/main/AndroidManifest.xml:116:13-69
activity#com.chicsol.alfalah.activities.MyProfileActivity
ADDED from src/main/AndroidManifest.xml:119:9-122:59
	android:screenOrientation
		ADDED from src/main/AndroidManifest.xml:121:13-49
	android:theme
		ADDED from src/main/AndroidManifest.xml:122:13-56
	android:name
		ADDED from src/main/AndroidManifest.xml:120:13-57
activity#com.chicsol.alfalah.fragments.inbox.DashboardMessagesDetailActivity
ADDED from src/main/AndroidManifest.xml:124:9-127:59
	android:screenOrientation
		ADDED from src/main/AndroidManifest.xml:126:13-49
	android:theme
		ADDED from src/main/AndroidManifest.xml:127:13-56
	android:name
		ADDED from src/main/AndroidManifest.xml:125:13-76
activity#com.chicsol.alfalah.activities.AccountSettingActivity
ADDED from src/main/AndroidManifest.xml:128:9-131:59
	android:label
		ADDED from src/main/AndroidManifest.xml:130:13-44
	android:theme
		ADDED from src/main/AndroidManifest.xml:131:13-56
	android:name
		ADDED from src/main/AndroidManifest.xml:129:13-62
activity#com.chicsol.alfalah.activities.NotificationsActivity
ADDED from src/main/AndroidManifest.xml:132:9-136:59
	android:screenOrientation
		ADDED from src/main/AndroidManifest.xml:135:13-49
	android:label
		ADDED from src/main/AndroidManifest.xml:134:13-49
	android:theme
		ADDED from src/main/AndroidManifest.xml:136:13-56
	android:name
		ADDED from src/main/AndroidManifest.xml:133:13-61
activity#com.chicsol.alfalah.activities.FaqActivity
ADDED from src/main/AndroidManifest.xml:137:9-141:47
	android:screenOrientation
		ADDED from src/main/AndroidManifest.xml:140:13-49
	android:label
		ADDED from src/main/AndroidManifest.xml:139:13-33
	android:theme
		ADDED from src/main/AndroidManifest.xml:141:13-44
	android:name
		ADDED from src/main/AndroidManifest.xml:138:13-51
activity#com.chicsol.alfalah.activities.search.SearchMainActivity
ADDED from src/main/AndroidManifest.xml:142:9-146:59
	android:screenOrientation
		ADDED from src/main/AndroidManifest.xml:145:13-49
	android:label
		ADDED from src/main/AndroidManifest.xml:144:13-43
	android:theme
		ADDED from src/main/AndroidManifest.xml:146:13-56
	android:name
		ADDED from src/main/AndroidManifest.xml:143:13-65
activity#com.chicsol.alfalah.activities.search.SearchResultsActivity
ADDED from src/main/AndroidManifest.xml:147:9-151:59
	android:screenOrientation
		ADDED from src/main/AndroidManifest.xml:150:13-49
	android:label
		ADDED from src/main/AndroidManifest.xml:149:13-43
	android:theme
		ADDED from src/main/AndroidManifest.xml:151:13-56
	android:name
		ADDED from src/main/AndroidManifest.xml:148:13-68
activity#com.chicsol.alfalah.activities.PhotoUpload
ADDED from src/main/AndroidManifest.xml:152:9-156:59
	android:screenOrientation
		ADDED from src/main/AndroidManifest.xml:155:13-49
	android:label
		ADDED from src/main/AndroidManifest.xml:154:13-64
	android:theme
		ADDED from src/main/AndroidManifest.xml:156:13-56
	android:name
		ADDED from src/main/AndroidManifest.xml:153:13-51
activity#com.chicsol.alfalah.activities.searchyourbestmatch.SearchYourBestMatchResultsActivity
ADDED from src/main/AndroidManifest.xml:157:9-161:59
	android:screenOrientation
		ADDED from src/main/AndroidManifest.xml:160:13-49
	android:label
		ADDED from src/main/AndroidManifest.xml:159:13-51
	android:theme
		ADDED from src/main/AndroidManifest.xml:161:13-56
	android:name
		ADDED from src/main/AndroidManifest.xml:158:13-94
activity#com.chicsol.alfalah.activities.ActivityForgetPassword
ADDED from src/main/AndroidManifest.xml:162:9-166:54
	android:screenOrientation
		ADDED from src/main/AndroidManifest.xml:165:13-49
	android:label
		ADDED from src/main/AndroidManifest.xml:164:13-44
	android:theme
		ADDED from src/main/AndroidManifest.xml:166:13-51
	android:name
		ADDED from src/main/AndroidManifest.xml:163:13-62
activity#com.chicsol.alfalah.activities.RequestPermissionsActivity
ADDED from src/main/AndroidManifest.xml:167:9-171:47
	android:screenOrientation
		ADDED from src/main/AndroidManifest.xml:170:13-49
	android:label
		ADDED from src/main/AndroidManifest.xml:169:13-55
	android:theme
		ADDED from src/main/AndroidManifest.xml:171:13-44
	android:name
		ADDED from src/main/AndroidManifest.xml:168:13-66
activity#com.chicsol.alfalah.activities.subscription.SubscriptionPlanActivity
ADDED from src/main/AndroidManifest.xml:172:9-175:47
	android:screenOrientation
		ADDED from src/main/AndroidManifest.xml:174:13-49
	android:theme
		ADDED from src/main/AndroidManifest.xml:175:13-44
	android:name
		ADDED from src/main/AndroidManifest.xml:173:13-77
activity#com.chicsol.alfalah.activities.subscription.OrderProcessActivity
ADDED from src/main/AndroidManifest.xml:176:9-179:47
	android:screenOrientation
		ADDED from src/main/AndroidManifest.xml:178:13-49
	android:theme
		ADDED from src/main/AndroidManifest.xml:179:13-44
	android:name
		ADDED from src/main/AndroidManifest.xml:177:13-73
meta-data#io.fabric.ApiKey
ADDED from src/main/AndroidManifest.xml:181:9-183:72
	android:value
		ADDED from src/main/AndroidManifest.xml:183:13-69
	android:name
		ADDED from src/main/AndroidManifest.xml:182:13-44
activity#com.chicsol.alfalah.activities.subscription.OrderConfirmationActivity
ADDED from src/main/AndroidManifest.xml:185:9-188:47
	android:screenOrientation
		ADDED from src/main/AndroidManifest.xml:187:13-49
	android:theme
		ADDED from src/main/AndroidManifest.xml:188:13-44
	android:name
		ADDED from src/main/AndroidManifest.xml:186:13-78
activity#com.chicsol.alfalah.activities.directive.MainDirectiveActivity
ADDED from src/main/AndroidManifest.xml:189:9-192:59
	android:screenOrientation
		ADDED from src/main/AndroidManifest.xml:191:13-49
	android:theme
		ADDED from src/main/AndroidManifest.xml:192:13-56
	android:name
		ADDED from src/main/AndroidManifest.xml:190:13-71
activity#com.chicsol.alfalah.fragments.list.MemberListActivity
ADDED from src/main/AndroidManifest.xml:193:9-196:59
	android:screenOrientation
		ADDED from src/main/AndroidManifest.xml:195:13-49
	android:theme
		ADDED from src/main/AndroidManifest.xml:196:13-56
	android:name
		ADDED from src/main/AndroidManifest.xml:194:13-62
activity#com.chicsol.alfalah.activities.MatchAidActivity
ADDED from src/main/AndroidManifest.xml:197:9-200:59
	android:screenOrientation
		ADDED from src/main/AndroidManifest.xml:199:13-49
	android:theme
		ADDED from src/main/AndroidManifest.xml:200:13-56
	android:name
		ADDED from src/main/AndroidManifest.xml:198:13-56
activity#com.chicsol.alfalah.activities.WebViewActivity
ADDED from src/main/AndroidManifest.xml:201:9-204:59
	android:screenOrientation
		ADDED from src/main/AndroidManifest.xml:203:13-49
	android:theme
		ADDED from src/main/AndroidManifest.xml:204:13-56
	android:name
		ADDED from src/main/AndroidManifest.xml:202:13-55
activity#com.chicsol.alfalah.activities.QuestionsActivity
ADDED from src/main/AndroidManifest.xml:205:9-208:68
	android:screenOrientation
		ADDED from src/main/AndroidManifest.xml:207:13-49
	android:theme
		ADDED from src/main/AndroidManifest.xml:208:13-56
	android:name
		ADDED from src/main/AndroidManifest.xml:206:13-57
activity#com.chicsol.alfalah.fragments.inbox.DashboardQuestionsDetailActivity
ADDED from src/main/AndroidManifest.xml:210:9-215:25
	android:screenOrientation
		ADDED from src/main/AndroidManifest.xml:212:13-49
	android:theme
		ADDED from src/main/AndroidManifest.xml:213:13-56
	android:name
		ADDED from src/main/AndroidManifest.xml:211:13-77
uses-sdk
INJECTED from src/main/AndroidManifest.xml reason: use-sdk injection requested
INJECTED from src/main/AndroidManifest.xml
INJECTED from src/main/AndroidManifest.xml
MERGED from [com.google.firebase:firebase-core:10.0.1] AndroidManifest.xml:4:5-42
MERGED from [com.google.firebase:firebase-core:10.0.1] AndroidManifest.xml:4:5-42
MERGED from [com.crashlytics.sdk.android:crashlytics:2.6.8] AndroidManifest.xml:7:5-43
MERGED from [com.crashlytics.sdk.android:crashlytics:2.6.8] AndroidManifest.xml:7:5-43
MERGED from [com.google.firebase:firebase-analytics:10.0.1] AndroidManifest.xml:17:5-42
MERGED from [com.google.firebase:firebase-analytics:10.0.1] AndroidManifest.xml:17:5-42
MERGED from [com.google.firebase:firebase-analytics-impl:10.0.1] AndroidManifest.xml:17:5-42
MERGED from [com.google.firebase:firebase-analytics-impl:10.0.1] AndroidManifest.xml:17:5-42
MERGED from [com.google.firebase:firebase-iid:10.0.1] AndroidManifest.xml:17:5-42
MERGED from [com.google.firebase:firebase-iid:10.0.1] AndroidManifest.xml:17:5-42
MERGED from [com.google.firebase:firebase-common:10.0.1] AndroidManifest.xml:3:5-42
MERGED from [com.google.firebase:firebase-common:10.0.1] AndroidManifest.xml:3:5-42
MERGED from [com.google.android.gms:play-services-tasks:10.0.1] AndroidManifest.xml:3:5-42
MERGED from [com.google.android.gms:play-services-tasks:10.0.1] AndroidManifest.xml:3:5-42
MERGED from [com.google.android.gms:play-services-basement:10.0.1] AndroidManifest.xml:17:5-42
MERGED from [com.google.android.gms:play-services-basement:10.0.1] AndroidManifest.xml:17:5-42
MERGED from [com.android.support:support-v4:28.0.0] AndroidManifest.xml:20:5-44
MERGED from [com.android.support:support-v4:28.0.0] AndroidManifest.xml:20:5-44
MERGED from [net.danlew:android.joda:2.9.9] AndroidManifest.xml:6:5-43
MERGED from [net.danlew:android.joda:2.9.9] AndroidManifest.xml:6:5-43
MERGED from [com.android.support:design:28.0.0] AndroidManifest.xml:20:5-44
MERGED from [com.android.support:design:28.0.0] AndroidManifest.xml:20:5-44
MERGED from [com.google.android:flexbox:0.2.5] AndroidManifest.xml:23:5-25:41
MERGED from [com.google.android:flexbox:0.2.5] AndroidManifest.xml:23:5-25:41
MERGED from [com.android.support.constraint:constraint-layout:2.0.0-beta1] AndroidManifest.xml:5:5-7:41
MERGED from [com.android.support.constraint:constraint-layout:2.0.0-beta1] AndroidManifest.xml:5:5-7:41
MERGED from [com.stripe:stripe-android:4.1.5] AndroidManifest.xml:7:5-9:41
MERGED from [com.stripe:stripe-android:4.1.5] AndroidManifest.xml:7:5-9:41
MERGED from [com.android.support:appcompat-v7:28.0.0] AndroidManifest.xml:20:5-44
MERGED from [com.android.support:appcompat-v7:28.0.0] AndroidManifest.xml:20:5-44
MERGED from [com.android.support:animated-vector-drawable:28.0.0] AndroidManifest.xml:20:5-44
MERGED from [com.android.support:animated-vector-drawable:28.0.0] AndroidManifest.xml:20:5-44